This is pdfTeX, Version 3.1415926-2.4-1.40.13 (TeX Live 2012) (format=pdflatex 2012.6.30)  30 MAR 2015 16:52
entering extended mode
 restricted \write18 enabled.
 file:line:error style messages enabled.
 %&-line parsing enabled.
**OSPC_BYU_Dyn.tex
(./OSPC_BYU_Dyn.tex
LaTeX2e <2011/06/27>
Babel <v3.8m> and hyphenation patterns for english, dumylang, nohyphenation, ge
rman-x-2012-05-30, ngerman-x-2012-05-30, afrikaans, ancientgreek, ibycus, arabi
c, armenian, basque, bulgarian, catalan, pinyin, coptic, croatian, czech, danis
h, dutch, ukenglish, usenglishmax, esperanto, estonian, ethiopic, farsi, finnis
h, french, friulan, galician, german, ngerman, swissgerman, monogreek, greek, h
ungarian, icelandic, assamese, bengali, gujarati, hindi, kannada, malayalam, ma
rathi, oriya, panjabi, tamil, telugu, indonesian, interlingua, irish, italian, 
kurmanji, latin, latvian, lithuanian, mongolian, mongolianlmc, bokmal, nynorsk,
 polish, portuguese, romanian, romansh, russian, sanskrit, serbian, serbianc, s
lovak, slovenian, spanish, swedish, turkish, turkmen, ukrainian, uppersorbian, 
welsh, loaded.
(/usr/local/texlive/2012/texmf-dist/tex/latex/base/report.cls
Document Class: report 2007/10/19 v1.4h Standard LaTeX document class
(/usr/local/texlive/2012/texmf-dist/tex/latex/base/size12.clo
File: size12.clo 2007/10/19 v1.4h Standard LaTeX file (size option)
)
\c@part=\count79
\c@chapter=\count80
\c@section=\count81
\c@subsection=\count82
\c@subsubsection=\count83
\c@paragraph=\count84
\c@subparagraph=\count85
\c@figure=\count86
\c@table=\count87
\abovecaptionskip=\skip41
\belowcaptionskip=\skip42
\bibindent=\dimen102
)
(/usr/local/texlive/2012/texmf-dist/tex/latex/threeparttable/threeparttable.sty
Package: threeparttable 2003/06/13  v 3.0
\@tempboxb=\box26
) (/usr/local/texlive/2012/texmf-dist/tex/latex/geometry/geometry.sty
Package: geometry 2010/09/12 v5.6 Page Geometry

(/usr/local/texlive/2012/texmf-dist/tex/latex/graphics/keyval.sty
Package: keyval 1999/03/16 v1.13 key=value parser (DPC)
\KV@toks@=\toks14
)
(/usr/local/texlive/2012/texmf-dist/tex/generic/oberdiek/ifpdf.sty
Package: ifpdf 2011/01/30 v2.3 Provides the ifpdf switch (HO)
Package ifpdf Info: pdfTeX in PDF mode is detected.
)
(/usr/local/texlive/2012/texmf-dist/tex/generic/oberdiek/ifvtex.sty
Package: ifvtex 2010/03/01 v1.5 Detect VTeX and its facilities (HO)
Package ifvtex Info: VTeX not detected.
)
(/usr/local/texlive/2012/texmf-dist/tex/generic/ifxetex/ifxetex.sty
Package: ifxetex 2010/09/12 v0.6 Provides ifxetex conditional
)
\Gm@cnth=\count88
\Gm@cntv=\count89
\c@Gm@tempcnt=\count90
\Gm@bindingoffset=\dimen103
\Gm@wd@mp=\dimen104
\Gm@odd@mp=\dimen105
\Gm@even@mp=\dimen106
\Gm@layoutwidth=\dimen107
\Gm@layoutheight=\dimen108
\Gm@layouthoffset=\dimen109
\Gm@layoutvoffset=\dimen110
\Gm@dimlist=\toks15
)
(/usr/local/texlive/2012/texmf-dist/tex/latex/caption/caption.sty
Package: caption 2012/02/19 v3.2f Customizing captions (AR)

(/usr/local/texlive/2012/texmf-dist/tex/latex/caption/caption3.sty
Package: caption3 2012/01/12 v1.4b caption3 kernel (AR)
\captionmargin=\dimen111
\captionmargin@=\dimen112
\captionwidth=\dimen113
\caption@indent=\dimen114
\caption@parindent=\dimen115
\caption@hangindent=\dimen116
)
\c@ContinuedFloat=\count91
Package caption Info: threeparttable package is loaded.
)
(/usr/local/texlive/2012/texmf-dist/tex/latex/amsmath/amsmath.sty
Package: amsmath 2000/07/18 v2.13 AMS math features
\@mathmargin=\skip43

For additional information on amsmath, use the `?' option.
(/usr/local/texlive/2012/texmf-dist/tex/latex/amsmath/amstext.sty
Package: amstext 2000/06/29 v2.01

(/usr/local/texlive/2012/texmf-dist/tex/latex/amsmath/amsgen.sty
File: amsgen.sty 1999/11/30 v2.0
\@emptytoks=\toks16
\ex@=\dimen117
))
(/usr/local/texlive/2012/texmf-dist/tex/latex/amsmath/amsbsy.sty
Package: amsbsy 1999/11/29 v1.2d
\pmbraise@=\dimen118
)
(/usr/local/texlive/2012/texmf-dist/tex/latex/amsmath/amsopn.sty
Package: amsopn 1999/12/14 v2.01 operator names
)
\inf@bad=\count92
LaTeX Info: Redefining \frac on input line 211.
\uproot@=\count93
\leftroot@=\count94
LaTeX Info: Redefining \overline on input line 307.
\classnum@=\count95
\DOTSCASE@=\count96
LaTeX Info: Redefining \ldots on input line 379.
LaTeX Info: Redefining \dots on input line 382.
LaTeX Info: Redefining \cdots on input line 467.
\Mathstrutbox@=\box27
\strutbox@=\box28
\big@size=\dimen119
LaTeX Font Info:    Redeclaring font encoding OML on input line 567.
LaTeX Font Info:    Redeclaring font encoding OMS on input line 568.
\macc@depth=\count97
\c@MaxMatrixCols=\count98
\dotsspace@=\muskip10
\c@parentequation=\count99
\dspbrk@lvl=\count100
\tag@help=\toks17
\row@=\count101
\column@=\count102
\maxfields@=\count103
\andhelp@=\toks18
\eqnshift@=\dimen120
\alignsep@=\dimen121
\tagshift@=\dimen122
\tagwidth@=\dimen123
\totwidth@=\dimen124
\lineht@=\dimen125
\@envbody=\toks19
\multlinegap=\skip44
\multlinetaggap=\skip45
\mathdisplay@stack=\toks20
LaTeX Info: Redefining \[ on input line 2666.
LaTeX Info: Redefining \] on input line 2667.
)
(/usr/local/texlive/2012/texmf-dist/tex/latex/multirow/multirow.sty
\bigstrutjot=\dimen126
)
(/usr/local/texlive/2012/texmf-dist/tex/latex/tools/array.sty
Package: array 2008/09/09 v2.4c Tabular extension package (FMi)
\col@sep=\dimen127
\extrarowheight=\dimen128
\NC@list=\toks21
\extratabsurround=\skip46
\backup@length=\skip47
)
(/usr/local/texlive/2012/texmf-dist/tex/latex/tools/delarray.sty
Package: delarray 1994/03/14 v1.01 array delimiter package (DPC)
)
(/usr/local/texlive/2012/texmf-dist/tex/latex/amsfonts/amssymb.sty
Package: amssymb 2009/06/22 v3.00

(/usr/local/texlive/2012/texmf-dist/tex/latex/amsfonts/amsfonts.sty
Package: amsfonts 2009/06/22 v3.00 Basic AMSFonts support
\symAMSa=\mathgroup4
\symAMSb=\mathgroup5
LaTeX Font Info:    Overwriting math alphabet `\mathfrak' in version `bold'
(Font)                  U/euf/m/n --> U/euf/b/n on input line 96.
))
(/usr/local/texlive/2012/texmf-dist/tex/latex/amscls/amsthm.sty
Package: amsthm 2009/07/02 v2.20.1
\thm@style=\toks22
\thm@bodyfont=\toks23
\thm@headfont=\toks24
\thm@notefont=\toks25
\thm@headpunct=\toks26
\thm@preskip=\skip48
\thm@postskip=\skip49
\thm@headsep=\skip50
\dth@everypar=\toks27
)
(/usr/local/texlive/2012/texmf-dist/tex/latex/graphics/lscape.sty
Package: lscape 2000/10/22 v3.01 Landscape Pages (DPC)

(/usr/local/texlive/2012/texmf-dist/tex/latex/graphics/graphics.sty
Package: graphics 2009/02/05 v1.0o Standard LaTeX Graphics (DPC,SPQR)

(/usr/local/texlive/2012/texmf-dist/tex/latex/graphics/trig.sty
Package: trig 1999/03/16 v1.09 sin cos tan (DPC)
)
(/usr/local/texlive/2012/texmf-dist/tex/latex/latexconfig/graphics.cfg
File: graphics.cfg 2010/04/23 v1.9 graphics configuration of TeX Live
)
Package graphics Info: Driver file: pdftex.def on input line 91.

(/usr/local/texlive/2012/texmf-dist/tex/latex/pdftex-def/pdftex.def
File: pdftex.def 2011/05/27 v0.06d Graphics/color for pdfTeX

(/usr/local/texlive/2012/texmf-dist/tex/generic/oberdiek/infwarerr.sty
Package: infwarerr 2010/04/08 v1.3 Providing info/warning/error messages (HO)
)
(/usr/local/texlive/2012/texmf-dist/tex/generic/oberdiek/ltxcmds.sty
Package: ltxcmds 2011/11/09 v1.22 LaTeX kernel commands for general use (HO)
)
\Gread@gobject=\count104
)))
(/usr/local/texlive/2012/texmf/tex/latex/natbib.sty
Package: natbib 1998/07/14 6.8c (PWD)
\bibhang=\skip51
\bibsep=\skip52
LaTeX Info: Redefining \cite on input line 467.
\c@NAT@ctr=\count105
)
(/usr/local/texlive/2012/texmf/tex/latex/setspace.sty
Package: setspace 2000/12/01 6.7 Contributed and Supported LaTeX2e package

Package: `setspace' 6.7 <2000/12/01>
) (/usr/local/texlive/2012/texmf-dist/tex/latex/float/float.sty
Package: float 2001/11/08 v1.3d Float enhancements (AL)
\c@float@type=\count106
\float@exts=\toks28
\float@box=\box29
\@float@everytoks=\toks29
\@floatcapt=\box30
)
(/usr/local/texlive/2012/texmf-dist/tex/latex/graphics/color.sty
Package: color 2005/11/14 v1.0j Standard LaTeX Color (DPC)

(/usr/local/texlive/2012/texmf-dist/tex/latex/latexconfig/color.cfg
File: color.cfg 2007/01/18 v1.5 color configuration of teTeX/TeXLive
)
Package color Info: Driver file: pdftex.def on input line 130.
)
(/usr/local/texlive/2012/texmf-dist/tex/latex/graphics/graphicx.sty
Package: graphicx 1999/02/16 v1.0f Enhanced LaTeX Graphics (DPC,SPQR)
\Gin@req@height=\dimen129
\Gin@req@width=\dimen130
)
(/usr/local/texlive/2012/texmf-dist/tex/latex/pdfsync/pdfsync.sty
Package: pdfsync 2008/01/26 v1.1
)
(/usr/local/texlive/2012/texmf-dist/tex/latex/tools/verbatim.sty
Package: verbatim 2003/08/22 v1.5q LaTeX2e package for verbatim enhancements
\every@verbatim=\toks30
\verbatim@line=\toks31
\verbatim@in@stream=\read1
)
(/usr/local/texlive/2012/texmf-dist/tex/latex/placeins/placeins.sty
Package: placeins 2005/04/18  v 2.2
)
(/usr/local/texlive/2012/texmf-dist/tex/latex/hyperref/hyperref.sty
Package: hyperref 2012/05/13 v6.82q Hypertext links for LaTeX

(/usr/local/texlive/2012/texmf-dist/tex/generic/oberdiek/hobsub-hyperref.sty
Package: hobsub-hyperref 2012/05/28 v1.13 Bundle oberdiek, subset hyperref (HO)


(/usr/local/texlive/2012/texmf-dist/tex/generic/oberdiek/hobsub-generic.sty
Package: hobsub-generic 2012/05/28 v1.13 Bundle oberdiek, subset generic (HO)
Package: hobsub 2012/05/28 v1.13 Construct package bundles (HO)
Package hobsub Info: Skipping package `infwarerr' (already loaded).
Package hobsub Info: Skipping package `ltxcmds' (already loaded).
Package: ifluatex 2010/03/01 v1.3 Provides the ifluatex switch (HO)
Package ifluatex Info: LuaTeX not detected.
Package hobsub Info: Skipping package `ifvtex' (already loaded).
Package: intcalc 2007/09/27 v1.1 Expandable calculations with integers (HO)
Package hobsub Info: Skipping package `ifpdf' (already loaded).
Package: etexcmds 2011/02/16 v1.5 Avoid name clashes with e-TeX commands (HO)
Package etexcmds Info: Could not find \expanded.
(etexcmds)             That can mean that you are not using pdfTeX 1.50 or
(etexcmds)             that some package has redefined \expanded.
(etexcmds)             In the latter case, load this package earlier.
Package: kvsetkeys 2012/04/25 v1.16 Key value parser (HO)
Package: kvdefinekeys 2011/04/07 v1.3 Define keys (HO)
Package: pdftexcmds 2011/11/29 v0.20 Utility functions of pdfTeX for LuaTeX (HO
)
Package pdftexcmds Info: LuaTeX not detected.
Package pdftexcmds Info: \pdf@primitive is available.
Package pdftexcmds Info: \pdf@ifprimitive is available.
Package pdftexcmds Info: \pdfdraftmode found.
Package: pdfescape 2011/11/25 v1.13 Implements pdfTeX's escape features (HO)
Package: bigintcalc 2012/04/08 v1.3 Expandable calculations on big integers (HO
)
Package: bitset 2011/01/30 v1.1 Handle bit-vector datatype (HO)
Package: uniquecounter 2011/01/30 v1.2 Provide unlimited unique counter (HO)
)
Package hobsub Info: Skipping package `hobsub' (already loaded).
Package: letltxmacro 2010/09/02 v1.4 Let assignment for LaTeX macros (HO)
Package: hopatch 2012/05/28 v1.2 Wrapper for package hooks (HO)
Package: xcolor-patch 2011/01/30 xcolor patch
Package: atveryend 2011/06/30 v1.8 Hooks at the very end of document (HO)
Package atveryend Info: \enddocument detected (standard20110627).
Package: atbegshi 2011/10/05 v1.16 At begin shipout hook (HO)
Package: refcount 2011/10/16 v3.4 Data extraction from label references (HO)
Package: hycolor 2011/01/30 v1.7 Color options for hyperref/bookmark (HO)
)
(/usr/local/texlive/2012/texmf-dist/tex/latex/oberdiek/kvoptions.sty
Package: kvoptions 2011/06/30 v3.11 Key value format for package options (HO)
)
\@linkdim=\dimen131
\Hy@linkcounter=\count107
\Hy@pagecounter=\count108

(/usr/local/texlive/2012/texmf-dist/tex/latex/hyperref/pd1enc.def
File: pd1enc.def 2012/05/13 v6.82q Hyperref: PDFDocEncoding definition (HO)
)
\Hy@SavedSpaceFactor=\count109

(/usr/local/texlive/2012/texmf-dist/tex/latex/latexconfig/hyperref.cfg
File: hyperref.cfg 2002/06/06 v1.2 hyperref configuration of TeXLive
)
Package hyperref Info: Hyper figures OFF on input line 4062.
Package hyperref Info: Link nesting OFF on input line 4067.
Package hyperref Info: Hyper index ON on input line 4070.
Package hyperref Info: Plain pages OFF on input line 4077.
Package hyperref Info: Backreferencing OFF on input line 4082.
Package hyperref Info: Implicit mode ON; LaTeX internals redefined.
Package hyperref Info: Bookmarks ON on input line 4300.
\c@Hy@tempcnt=\count110

(/usr/local/texlive/2012/texmf-dist/tex/latex/url/url.sty
\Urlmuskip=\muskip11
Package: url 2006/04/12  ver 3.3  Verb mode for urls, etc.
)
LaTeX Info: Redefining \url on input line 4653.
\Fld@menulength=\count111
\Field@Width=\dimen132
\Fld@charsize=\dimen133
Package hyperref Info: Hyper figures OFF on input line 5773.
Package hyperref Info: Link nesting OFF on input line 5778.
Package hyperref Info: Hyper index ON on input line 5781.
Package hyperref Info: backreferencing OFF on input line 5788.
Package hyperref Info: Link coloring OFF on input line 5793.
Package hyperref Info: Link coloring with OCG OFF on input line 5798.
Package hyperref Info: PDF/A mode OFF on input line 5803.
LaTeX Info: Redefining \ref on input line 5843.
LaTeX Info: Redefining \pageref on input line 5847.
\Hy@abspage=\count112
\c@Item=\count113
\c@Hfootnote=\count114
)

Package hyperref Message: Driver (autodetected): hpdftex.

(/usr/local/texlive/2012/texmf-dist/tex/latex/hyperref/hpdftex.def
File: hpdftex.def 2012/05/13 v6.82q Hyperref driver for pdfTeX
\Fld@listcount=\count115
\c@bookmark@seq@number=\count116

(/usr/local/texlive/2012/texmf-dist/tex/latex/oberdiek/rerunfilecheck.sty
Package: rerunfilecheck 2011/04/15 v1.7 Rerun checks for auxiliary files (HO)
Package uniquecounter Info: New unique counter `rerunfilecheck' on input line 2
82.
)
\Hy@SectionHShift=\skip53
)
Package hyperref Info: Option `colorlinks' set `true' on input line 22.

(/usr/local/texlive/2012/texmf-dist/tex/latex/tools/bm.sty
Package: bm 2004/02/26 v1.1c Bold Symbol Support (DPC/FMi)
\symboldoperators=\mathgroup6
\symboldletters=\mathgroup7
\symboldsymbols=\mathgroup8
LaTeX Font Info:    Redeclaring math alphabet \mathbf on input line 138.
LaTeX Info: Redefining \bm on input line 204.
)
(/usr/local/texlive/2012/texmf-dist/tex/latex/base/makeidx.sty
Package: makeidx 2000/03/29 v1.0m Standard LaTeX package
)
\c@theorem=\count117
\c@definition=\count118
\c@derivation=\count119
\c@proposition=\count120
\@indexfile=\write3
\openout3 = `OSPC_BYU_Dyn.idx'.


Writing index file OSPC_BYU_Dyn.idx
(./OSPC_BYU_Dyn.aux (./Household_description.aux) (./Firms_description.aux

LaTeX Warning: Label `eqn:mpk' multiply defined.


LaTeX Warning: Label `eqn:mix_cons' multiply defined.


LaTeX Warning: Label `eqn:mix_cons_price' multiply defined.

) (./Government_description.aux) (./Eqm_description.aux) (./Model_soln.aux))
\openout1 = `OSPC_BYU_Dyn.aux'.

LaTeX Font Info:    Checking defaults for OML/cmm/m/it on input line 57.
LaTeX Font Info:    ... okay on input line 57.
LaTeX Font Info:    Checking defaults for T1/cmr/m/n on input line 57.
LaTeX Font Info:    ... okay on input line 57.
LaTeX Font Info:    Checking defaults for OT1/cmr/m/n on input line 57.
LaTeX Font Info:    ... okay on input line 57.
LaTeX Font Info:    Checking defaults for OMS/cmsy/m/n on input line 57.
LaTeX Font Info:    ... okay on input line 57.
LaTeX Font Info:    Checking defaults for OMX/cmex/m/n on input line 57.
LaTeX Font Info:    ... okay on input line 57.
LaTeX Font Info:    Checking defaults for U/cmr/m/n on input line 57.
LaTeX Font Info:    ... okay on input line 57.
LaTeX Font Info:    Checking defaults for PD1/pdf/m/n on input line 57.
LaTeX Font Info:    ... okay on input line 57.

*geometry* driver: auto-detecting
*geometry* detected driver: pdftex
*geometry* verbose mode - [ preamble ] result:
* driver: pdftex
* paper: letterpaper
* layout: <same size as paper>
* layoutoffset:(h,v)=(0.0pt,0.0pt)
* modes: 
* h-part:(L,W,R)=(90.3375pt, 433.62001pt, 90.3375pt)
* v-part:(T,H,B)=(72.26999pt, 650.43001pt, 72.26999pt)
* \paperwidth=614.295pt
* \paperheight=794.96999pt
* \textwidth=433.62001pt
* \textheight=650.43001pt
* \oddsidemargin=18.0675pt
* \evensidemargin=18.0675pt
* \topmargin=-37.0pt
* \headheight=12.0pt
* \headsep=25.0pt
* \topskip=12.0pt
* \footskip=30.0pt
* \marginparwidth=44.0pt
* \marginparsep=10.0pt
* \columnsep=10.0pt
* \skip\footins=10.8pt plus 4.0pt minus 2.0pt
* \hoffset=0.0pt
* \voffset=0.0pt
* \mag=1000
* \@twocolumnfalse
* \@twosidefalse
* \@mparswitchfalse
* \@reversemarginfalse
* (1in=72.27pt=25.4mm, 1cm=28.453pt)

Package caption Info: Begin \AtBeginDocument code.
Package caption Info: float package is loaded.
Package caption Info: hyperref package is loaded.
Package caption Info: End \AtBeginDocument code.
(/usr/local/texlive/2012/texmf-dist/tex/context/base/supp-pdf.mkii
[Loading MPS to PDF converter (version 2006.09.02).]
\scratchcounter=\count121
\scratchdimen=\dimen134
\scratchbox=\box31
\nofMPsegments=\count122
\nofMParguments=\count123
\everyMPshowfont=\toks32
\MPscratchCnt=\count124
\MPscratchDim=\dimen135
\MPnumerator=\count125
\makeMPintoPDFobject=\count126
\everyMPtoPDFconversion=\toks33
) (/usr/local/texlive/2012/texmf-dist/tex/latex/oberdiek/epstopdf-base.sty
Package: epstopdf-base 2010/02/09 v2.5 Base part for package epstopdf

(/usr/local/texlive/2012/texmf-dist/tex/latex/oberdiek/grfext.sty
Package: grfext 2010/08/19 v1.1 Manage graphics extensions (HO)
)
Package grfext Info: Graphics extension search list:
(grfext)             [.png,.pdf,.jpg,.mps,.jpeg,.jbig2,.jb2,.PNG,.PDF,.JPG,.JPE
G,.JBIG2,.JB2,.eps]
(grfext)             \AppendGraphicsExtensions on input line 452.

(/usr/local/texlive/2012/texmf-dist/tex/latex/latexconfig/epstopdf-sys.cfg
File: epstopdf-sys.cfg 2010/07/13 v1.3 Configuration of (r)epstopdf for TeX Liv
e
))
Configuring pdfsync
\PDFSYNC@ut=\write4
\openout4 = `OSPC_BYU_Dyn.pdfsync'.

\PDFSYNCf@li@=\count127
\PDFSYNC@rder=\count128
**** pdfsync.sty: Synchronizing at \everypar
\PDFSYNCeveryp@r=\toks34
**** pdfsync.sty: Synchronizing at \everymath
\PDFSYNCeverym@th=\toks35
**** pdfsync.sty: Synchronizing at \everyhbox
\PDFSYNCeveryhb@x=\toks36
**** pdfsync.sty: Synchronizing at \everyvbox
\PDFSYNCeveryvb@x=\toks37
**** pdfsync.sty: started
\AtBeginShipoutBox=\box32
Package hyperref Info: Link coloring ON on input line 57.

(/usr/local/texlive/2012/texmf-dist/tex/latex/hyperref/nameref.sty
Package: nameref 2010/04/30 v2.40 Cross-referencing by name of section

(/usr/local/texlive/2012/texmf-dist/tex/generic/oberdiek/gettitlestring.sty
Package: gettitlestring 2010/12/03 v1.4 Cleanup title references (HO)
)
\c@section@level=\count129
)
LaTeX Info: Redefining \ref on input line 57.
LaTeX Info: Redefining \pageref on input line 57.
LaTeX Info: Redefining \nameref on input line 57.

(./OSPC_BYU_Dyn.out) (./OSPC_BYU_Dyn.out)
\@outlinefile=\write5
\openout5 = `OSPC_BYU_Dyn.out'.

LaTeX Font Info:    Try loading font information for U+msa on input line 77.

(/usr/local/texlive/2012/texmf-dist/tex/latex/amsfonts/umsa.fd
File: umsa.fd 2009/06/22 v3.00 AMS symbols A
)
LaTeX Font Info:    Try loading font information for U+msb on input line 77.

(/usr/local/texlive/2012/texmf-dist/tex/latex/amsfonts/umsb.fd
File: umsb.fd 2009/06/22 v3.00 AMS symbols B
) [1

{/usr/local/texlive/2012/texmf-var/fonts/map/pdftex/updmap/pdftex.map}]pdfTeX w
arning (ext4): destination with the same identifier (name{page.1}) has been alr
eady used, duplicate ignored
<to be read again> 
                   \relax 
l.87   \end{abstract}
                      [1] (./OSPC_BYU_Dyn.toc)
\tf@toc=\write6
\openout6 = `OSPC_BYU_Dyn.toc'.

pdfTeX warning (ext4): destination with the same identifier (name{page.1}) has 
been already used, duplicate ignored
<to be read again> 
                   \relax 
l.97 \listoftables
                        % List of Tables and List of Figures will be placed
[1

] (./OSPC_BYU_Dyn.lot)
\tf@lot=\write7
\openout7 = `OSPC_BYU_Dyn.lot'.

 [2

] (./OSPC_BYU_Dyn.lof)
\tf@lof=\write8
\openout8 = `OSPC_BYU_Dyn.lof'.

 [3

]
Chapter 1.
[4

] [5]
\openout2 = `Household_description.aux'.

 (./Household_description.tex
Chapter 2.
[6


]

LaTeX Warning: Reference `AppEllipseUtil' on page 7 undefined on input line 40.


[7]
Overfull \hbox (85.83458pt too wide) in paragraph at lines 63--63
[][][] 
 []

[8]
Overfull \hbox (13.76065pt too wide) in paragraph at lines 73--73
[][][] 
 []


Overfull \hbox (29.52264pt too wide) in paragraph at lines 80--80
[][][] 
 []


Overfull \hbox (33.72261pt too wide) in paragraph at lines 87--87
[][][] 
 []

[9]
Overfull \hbox (7.4332pt too wide) in paragraph at lines 106--106
[][][] 
 []


Overfull \hbox (60.62753pt too wide) in paragraph at lines 121--121
[][][] 
 []

[10pdfTeX warning (ext4): destination with the same identifier (name{equation.2
.2.12}) has been already used, duplicate ignored

\PDFSYNC@@utput ...\PDFSYNCship@ut@ld \box \@cclv 
                                                  
l.132 
      pdfTeX warning (ext4): destination with the same identifier (name{equatio
n.2.2.12}) has been already used, duplicate ignored

\PDFSYNC@@utput ...\PDFSYNCship@ut@ld \box \@cclv 
                                                  
l.132 
      pdfTeX warning (ext4): destination with the same identifier (name{equatio
n.2.2.12}) has been already used, duplicate ignored

\PDFSYNC@@utput ...\PDFSYNCship@ut@ld \box \@cclv 
                                                  
l.132 
      ]

LaTeX Warning: Reference `Eqcagg' on page 11 undefined on input line 133.


LaTeX Warning: Reference `Eqcagg' on page 11 undefined on input line 139.

[11]

LaTeX Warning: Reference `cons_solve' on page 12 undefined on input line 171.

[12] [13]
Overfull \hbox (63.36575pt too wide) in paragraph at lines 224--224
[][][] 
 []


Overfull \hbox (39.04268pt too wide) in paragraph at lines 240--240
[][][] 
 []

[14]
Overfull \hbox (210.0188pt too wide) in paragraph at lines 282--282
[][][] 
 []

[15]) [16]
\openout2 = `Firms_description.aux'.

 (./Firms_description.tex
Chapter 3.
[17



]
Overfull \hbox (66.69452pt too wide) in paragraph at lines 52--52
[][][] 
 []

[18]
Overfull \hbox (13.20996pt too wide) in paragraph at lines 104--104
[][][] 
 []

[19] [20] [21]
Overfull \hbox (3.86404pt too wide) in paragraph at lines 184--184
[][][] 
 []


Overfull \hbox (72.77182pt too wide) in paragraph at lines 194--194
[][][] 
 []


Overfull \hbox (59.98904pt too wide) in paragraph at lines 215--215
[][][] 
 []

[22]
Overfull \hbox (11.05524pt too wide) detected at line 237
[][] \OT1/cmr/m/n/12 = (1 \OMS/cmsy/m/n/12 ^^@ \OML/cmm/m/it/12 ^^M\OT1/cmr/m/n
/12 )[][] [][]
 []

[23]) [24]
\openout2 = `Government_description.aux'.

 (./Government_description.tex
Chapter 4.
[25



] [26]) [27]
\openout2 = `Eqm_description.aux'.

 (./Eqm_description.tex
Chapter 5.

Overfull \hbox (0.7908pt too wide) in paragraph at lines 18--18
[][][] 
 []


Underfull \hbox (badness 10000) in paragraph at lines 23--23
[][][][]|[][]\OT1/cmr/bx/n/12 Sta-tion-ary vari-able def-i-ni-
 []

[28



]
Underfull \hbox (badness 10000) in paragraph at lines 94--95

 []


LaTeX Warning: Reference `EqEulerLabStat' on page 29 undefined on input line 10
0.


LaTeX Warning: Reference `EqEulerSavStat' on page 29 undefined on input line 10
0.


LaTeX Warning: Reference `EqEulerSavEpSstat' on page 29 undefined on input line
 100.


LaTeX Warning: Reference `EqFOCwageStat' on page 29 undefined on input line 101
.


LaTeX Warning: Reference `EqFOCrate' on page 29 undefined on input line 101.


Underfull \hbox (badness 10000) in paragraph at lines 108--109

 []

[29]
Overfull \hbox (8.83057pt too wide) in paragraph at lines 190--192
\OT1/cmr/m/n/12 WHAT FOL-LOWS NEEDS UP-DAT-ING TO IN-CLUDE RICHER FIRM AND GOV'
T,
 []


Underfull \hbox (badness 10000) in paragraph at lines 193--194

 []


LaTeX Warning: Reference `EqEulerLabStat' on page 30 undefined on input line 20
3.


LaTeX Warning: Reference `EqEulerSavStat' on page 30 undefined on input line 20
3.


LaTeX Warning: Reference `EqEulerSavEpSstat' on page 30 undefined on input line
 203.


LaTeX Warning: Reference `EqFOCwageStat' on page 30 undefined on input line 204
.


LaTeX Warning: Reference `EqFOCrate' on page 30 undefined on input line 204.


LaTeX Warning: Reference `EqMktClrLabStat' on page 30 undefined on input line 2
05.


LaTeX Warning: Reference `EqMktClrCapStat' on page 30 undefined on input line 2
05.


Underfull \hbox (badness 10000) in paragraph at lines 210--211

 []


LaTeX Warning: Reference `EqEulerLabStat' on page 30 undefined on input line 21
2.


LaTeX Warning: Reference `EqEulerSavEpSstat' on page 30 undefined on input line
 212.


LaTeX Warning: Reference `EqEulerLabStat' on page 30 undefined on input line 21
2.


LaTeX Warning: Reference `EqEulerSavStat' on page 30 undefined on input line 21
2.


LaTeX Warning: Reference `EqEulerSavEpSstat' on page 30 undefined on input line
 212.


Overfull \hbox (72.20467pt too wide) in paragraph at lines 214--215
\OT1/cmr/m/n/12 the next pe-riod's sav-ings, be-quests re-ceived, and prices $[
][]\OML/cmm/m/it/12 n[] \OT1/cmr/m/n/12 = \OML/cmm/m/it/12 ^^^[][]; [][]; []; r
[][]$\OT1/cmr/m/n/12 .
 []

[30]

LaTeX Warning: Reference `EqMktClrCapStat' on page 31 undefined on input line 2
22.


LaTeX Warning: Reference `EqMktClrLabStat' on page 31 undefined on input line 2
22.


LaTeX Warning: Reference `EqFOCwageStat' on page 31 undefined on input line 222
.


LaTeX Warning: Reference `EqFOCrate' on page 31 undefined on input line 222.

<images/KpathTPI.png, id=511, 578.16pt x 433.62pt>
File: images/KpathTPI.png Graphic file (type png)
 <use images/KpathTPI.png>
Package pdftex.def Info: images/KpathTPI.png used on input line 226.
(pdftex.def)             Requested size: 578.15858pt x 433.61894pt.

<images/LpathTPI.png, id=513, 578.16pt x 433.62pt>
File: images/LpathTPI.png Graphic file (type png)
 <use images/LpathTPI.png>
Package pdftex.def Info: images/LpathTPI.png used on input line 231.
(pdftex.def)             Requested size: 578.15858pt x 433.61894pt.
)
[31] [32 <./images/KpathTPI.png> <./images/LpathTPI.png>]
\openout2 = `Model_soln.aux'.

 (./Model_soln.tex
Chapter 6.
LaTeX Font Info:    Try loading font information for OMS+cmr on input line 31.
(/usr/local/texlive/2012/texmf-dist/tex/latex/base/omscmr.fd
File: omscmr.fd 1999/05/25 v2.5h Standard LaTeX font definitions
)
LaTeX Font Info:    Font shape `OMS/cmr/m/n' in size <12> not available
(Font)              Font shape `OMS/cmsy/m/n' tried instead on input line 31.
 [33



]

LaTeX Warning: Reference `EqSavDist' on page 34 undefined on input line 153.

[34]

LaTeX Warning: Reference `EqMktClrCapStat' on page 35 undefined on input line 1
58.

pdfTeX warning (ext4): destination with the same identifier (name{equation.6.2.
1}) has been already used, duplicate ignored
<to be read again> 
                   \relax 
l.159   \begin{equation}
                        \label{EqMktClrCapStat1}pdfTeX warning (ext4): destinat
ion with the same identifier (name{equation.6.2.1}) has been already used, dupl
icate ignored
<to be read again> 
                   \relax 
l.159   \begin{equation}
                        \label{EqMktClrCapStat1}pdfTeX warning (ext4): destinat
ion with the same identifier (name{equation.6.2.1}) has been already used, dupl
icate ignored
<to be read again> 
                   \relax 
l.159   \begin{equation}
                        \label{EqMktClrCapStat1}pdfTeX warning (ext4): destinat
ion with the same identifier (name{equation.6.2.1}) has been already used, dupl
icate ignored
<to be read again> 
                   \relax 
l.159   \begin{equation}
                        \label{EqMktClrCapStat1}

LaTeX Warning: Reference `EqTotBeq' on page 35 undefined on input line 162.


LaTeX Warning: Reference `EqEulerLabStat' on page 35 undefined on input line 17
0.


LaTeX Warning: Reference `EqEulerSavEpSstat' on page 35 undefined on input line
 170.

[35]

LaTeX Warning: Reference `EqEulerLabStat' on page 36 undefined on input line 18
6.


LaTeX Warning: Reference `EqEulerSavStat' on page 36 undefined on input line 18
6.


LaTeX Warning: Reference `EqEulerSavEpSstat' on page 36 undefined on input line
 186.

[36]

LaTeX Warning: Reference `EqEulerLabStat' on page 37 undefined on input line 21
4.


LaTeX Warning: Reference `EqEulerSavStat' on page 37 undefined on input line 21
4.


LaTeX Warning: Reference `EqEulerSavEpSstat' on page 37 undefined on input line
 214.

[37]
Underfull \hbox (badness 2088) in paragraph at lines 238--238
[][][][]|[]\OT1/cmr/bx/n/12 Di-a-gram of TPI so-lu-tion method
 []

<images/TPIdiag.pdf, id=598, 513.57974pt x 675.72452pt>
File: images/TPIdiag.pdf Graphic file (type pdf)

<use images/TPIdiag.pdf>
Package pdftex.def Info: images/TPIdiag.pdf used on input line 239.
(pdftex.def)             Requested size: 513.57848pt x 675.72287pt.

Overfull \hbox (7.62604pt too wide) in paragraph at lines 270--272
\OT1/cmr/m/n/12 If the fixed point has not been found $[][][] \OML/cmm/m/it/12 
>
 []


Overfull \hbox (0.12308pt too wide) in paragraph at lines 270--272
\OT1/cmr/m/n/12 gen-er-ated as a con-vex com-bi-na-tion of $[][][][]\OML/cmm/m/
it/12 ; []; [][][][][][]$ \OT1/cmr/m/n/12 and $[][][][]\OML/cmm/m/it/12 ; []; [
][][][][][]$\OT1/cmr/m/n/12 . 
 []

[38] [39 <./images/TPIdiag.pdf>]

LaTeX Warning: Reference `TabExogVars' on page 40 undefined on input line 287.


LaTeX Warning: Reference `EqMktClrCapStat' on page 40 undefined on input line 2
92.


LaTeX Warning: Reference `EqFOCwageStat' on page 40 undefined on input line 296
.


LaTeX Warning: Reference `EqFOCrate' on page 40 undefined on input line 296.


LaTeX Warning: Reference `EqEulerLabStat' on page 40 undefined on input line 30
0.


LaTeX Warning: Reference `EqEulerSavStat' on page 40 undefined on input line 30
0.


LaTeX Warning: Reference `EqEulerSavEpSstat' on page 40 undefined on input line
 300.

[40]) [41]
Chapter 7.

Overfull \hbox (7.2837pt too wide) in paragraph at lines 180--180
[][][]\OT1/cmr/bx/n/17.28 Characteristics of ex-oge-nous pop-u-la-tion growth
 []


LaTeX Warning: Reference `SecPopDyn' on page 42 undefined on input line 182.


Overfull \hbox (3.74713pt too wide) in paragraph at lines 215--215
[][][] 
 []

[42


pdfTeX warning (ext4): destination with the same identifier (name{equation.7.1.
1}) has been already used, duplicate ignored

\PDFSYNC@@utput ...\PDFSYNCship@ut@ld \box \@cclv 
                                                  
l.215   \end{equation}
                      ] [43]
<images/FigPerTime.pdf, id=663, 618.18048pt x 338.08908pt>
File: images/FigPerTime.pdf Graphic file (type pdf)

<use images/FigPerTime.pdf>
Package pdftex.def Info: images/FigPerTime.pdf used on input line 282.
(pdftex.def)             Requested size: 618.17897pt x 338.08826pt.

<images/omega_init.png, id=673, 578.16pt x 433.62pt>
File: images/omega_init.png Graphic file (type png)

<use images/omega_init.png>
Package pdftex.def Info: images/omega_init.png used on input line 289.
(pdftex.def)             Requested size: 578.15858pt x 433.61894pt.

<images/fert_rates.png, id=674, 578.16pt x 433.62pt>
File: images/fert_rates.png Graphic file (type png)

<use images/fert_rates.png>
Package pdftex.def Info: images/fert_rates.png used on input line 294.
(pdftex.def)             Requested size: 578.15858pt x 433.61894pt.

<images/mort_rates.png, id=675, 578.16pt x 433.62pt>
File: images/mort_rates.png Graphic file (type png)

<use images/mort_rates.png>
Package pdftex.def Info: images/mort_rates.png used on input line 299.
(pdftex.def)             Requested size: 578.15858pt x 433.61894pt.
 [44] [45 <./images/FigPerTime.pdf> <./images/omega_init.png>] [46 <./images/fe
rt_rates.png> <./images/mort_rates.png>]
<images/imm_rates.png, id=725, 578.16pt x 433.62pt>
File: images/imm_rates.png Graphic file (type png)
 <use images/imm_rates.png>
Package pdftex.def Info: images/imm_rates.png used on input line 306.
(pdftex.def)             Requested size: 578.15858pt x 433.61894pt.

Underfull \hbox (badness 2197) in paragraph at lines 312--312
[][][][]|[]\OT1/cmr/bx/n/12 Fore-cast time path of pop-u-la-tion
 []

<images/Population_growthrate.png, id=728, 578.16pt x 433.62pt>
File: images/Population_growthrate.png Graphic file (type png)

<use images/Population_growthrate.png>
Package pdftex.def Info: images/Population_growthrate.png used on input line 31
3.
(pdftex.def)             Requested size: 578.15858pt x 433.61894pt.

<images/omega_ss.png, id=729, 578.16pt x 433.62pt>
File: images/omega_ss.png Graphic file (type png)
 <use images/omega_ss.png>
Package pdftex.def Info: images/omega_ss.png used on input line 318.
(pdftex.def)             Requested size: 578.15858pt x 433.61894pt.

[47 <./images/imm_rates.png>] [48 <./images/Population_growthrate.png> <./image
s/omega_ss.png>]
Missing character: There is no ‚ in font cmr12!
Missing character: There is no Ä in font cmr12!
Missing character: There is no ú in font cmr12!
Missing character: There is no ‚ in font cmr12!
Missing character: There is no Ä in font cmr12!
Missing character: There is no ù in font cmr12!
 [49

] [50] (./OSPC_BYU_Dyn.bbl [51


])
No file OSPC_BYU_Dyn.ind.
Package atveryend Info: Empty hook `BeforeClearDocument' on input line 400.
[52]
Package atveryend Info: Empty hook `AfterLastShipout' on input line 400.
 (./OSPC_BYU_Dyn.aux (./Household_description.aux) (./Firms_description.aux) (.
/Government_description.aux) (./Eqm_description.aux) (./Model_soln.aux))
Package atveryend Info: Executing hook `AtVeryEndDocument' on input line 400.
Package atveryend Info: Executing hook `AtEndAfterFileList' on input line 400.
Package rerunfilecheck Info: File `OSPC_BYU_Dyn.out' has not changed.
(rerunfilecheck)             Checksum: 7F801F4255BE84E47759592D27B50306;2148.


LaTeX Warning: There were undefined references.


LaTeX Warning: There were multiply-defined labels.

Package atveryend Info: Empty hook `AtVeryVeryEnd' on input line 400.
 ) 
Here is how much of TeX's memory you used:
 8605 strings out of 493488
 127234 string characters out of 3141326
 243420 words of memory out of 3000000
 11468 multiletter control sequences out of 15000+200000
 24469 words of font info for 90 fonts, out of 3000000 for 9000
 957 hyphenation exceptions out of 8191
 36i,37n,41p,2086b,602s stack positions out of 5000i,500n,10000p,200000b,50000s
</usr/local/texlive/2012/texmf-dist/fonts/type1/public/amsfonts/cm/cmbx10.pfb
></usr/local/texlive/2012/texmf-dist/fonts/type1/public/amsfonts/cm/cmbx12.pfb>
</usr/local/texlive/2012/texmf-dist/fonts/type1/public/amsfonts/cm/cmbx8.pfb></
usr/local/texlive/2012/texmf-dist/fonts/type1/public/amsfonts/cm/cmex10.pfb></u
sr/local/texlive/2012/texmf-dist/fonts/type1/public/amsfonts/cmextra/cmex8.pfb>
</usr/local/texlive/2012/texmf-dist/fonts/type1/public/amsfonts/cm/cmmi10.pfb><
/usr/local/texlive/2012/texmf-dist/fonts/type1/public/amsfonts/cm/cmmi12.pfb></
usr/local/texlive/2012/texmf-dist/fonts/type1/public/amsfonts/cm/cmmi5.pfb></us
r/local/texlive/2012/texmf-dist/fonts/type1/public/amsfonts/cm/cmmi6.pfb></usr/
local/texlive/2012/texmf-dist/fonts/type1/public/amsfonts/cm/cmmi7.pfb></usr/lo
cal/texlive/2012/texmf-dist/fonts/type1/public/amsfonts/cm/cmmi8.pfb></usr/loca
l/texlive/2012/texmf-dist/fonts/type1/public/amsfonts/cm/cmmib10.pfb></usr/loca
l/texlive/2012/texmf-dist/fonts/type1/public/amsfonts/cm/cmr10.pfb></usr/local/
texlive/2012/texmf-dist/fonts/type1/public/amsfonts/cm/cmr12.pfb></usr/local/te
xlive/2012/texmf-dist/fonts/type1/public/amsfonts/cm/cmr17.pfb></usr/local/texl
ive/2012/texmf-dist/fonts/type1/public/amsfonts/cm/cmr5.pfb></usr/local/texlive
/2012/texmf-dist/fonts/type1/public/amsfonts/cm/cmr6.pfb></usr/local/texlive/20
12/texmf-dist/fonts/type1/public/amsfonts/cm/cmr7.pfb></usr/local/texlive/2012/
texmf-dist/fonts/type1/public/amsfonts/cm/cmr8.pfb></usr/local/texlive/2012/tex
mf-dist/fonts/type1/public/amsfonts/cm/cmsy10.pfb></usr/local/texlive/2012/texm
f-dist/fonts/type1/public/amsfonts/cm/cmsy5.pfb></usr/local/texlive/2012/texmf-
dist/fonts/type1/public/amsfonts/cm/cmsy6.pfb></usr/local/texlive/2012/texmf-di
st/fonts/type1/public/amsfonts/cm/cmsy7.pfb></usr/local/texlive/2012/texmf-dist
/fonts/type1/public/amsfonts/cm/cmsy8.pfb></usr/local/texlive/2012/texmf-dist/f
onts/type1/public/amsfonts/cm/cmti12.pfb></usr/local/texlive/2012/texmf-dist/fo
nts/type1/public/amsfonts/symbols/msbm10.pfb>
Output written on OSPC_BYU_Dyn.pdf (54 pages, 1306731 bytes).
PDF statistics:
 898 PDF objects out of 1000 (max. 8388607)
 772 compressed objects within 8 object streams
 250 named destinations out of 1000 (max. 500000)
 283 words of extra memory for PDF output out of 10000 (max. 10000000)

